{"/Users/fabiansimon/Developer/selectcode-case-study/server/index.ts": {"path":"/Users/fabiansimon/Developer/selectcode-case-study/server/index.ts","statementMap":{"0":{"start":{"line":1,"column":0},"end":{"line":1,"column":24}},"1":{"start":{"line":2,"column":0},"end":{"line":2,"column":30}},"2":{"start":{"line":3,"column":0},"end":{"line":3,"column":61}},"3":{"start":{"line":4,"column":0},"end":{"line":4,"column":46}},"4":{"start":{"line":5,"column":0},"end":{"line":5,"column":42}},"5":{"start":{"line":6,"column":0},"end":{"line":6,"column":67}},"6":{"start":{"line":7,"column":0},"end":{"line":7,"column":null}},"7":{"start":{"line":15,"column":0},"end":{"line":15,"column":null}},"8":{"start":{"line":20,"column":0},"end":{"line":20,"column":null}},"9":{"start":{"line":25,"column":0},"end":{"line":25,"column":71}},"10":{"start":{"line":26,"column":0},"end":{"line":26,"column":41}},"11":{"start":{"line":28,"column":13},"end":{"line":28,"column":41}},"12":{"start":{"line":30,"column":18},"end":{"line":46,"column":2}},"13":{"start":{"line":48,"column":13},"end":{"line":48,"column":29}},"14":{"start":{"line":50,"column":0},"end":{"line":50,"column":16}},"15":{"start":{"line":52,"column":0},"end":{"line":72,"column":2}},"16":{"start":{"line":56,"column":55},"end":{"line":70,"column":null}},"17":{"start":{"line":57,"column":25},"end":{"line":57,"column":53}},"18":{"start":{"line":59,"column":6},"end":{"line":61,"column":null}},"19":{"start":{"line":60,"column":8},"end":{"line":60,"column":20}},"20":{"start":{"line":63,"column":20},"end":{"line":63,"column":44}},"21":{"start":{"line":64,"column":6},"end":{"line":69,"column":null}},"22":{"start":{"line":65,"column":8},"end":{"line":65,"column":45}},"23":{"start":{"line":67,"column":8},"end":{"line":67,"column":29}},"24":{"start":{"line":68,"column":8},"end":{"line":68,"column":20}},"25":{"start":{"line":74,"column":0},"end":{"line":79,"column":5}},"26":{"start":{"line":75,"column":15},"end":{"line":75,"column":39}},"27":{"start":{"line":76,"column":2},"end":{"line":78,"column":5}},"28":{"start":{"line":77,"column":4},"end":{"line":77,"column":50}}},"fnMap":{"0":{"name":"(anonymous_14)","decl":{"start":{"line":56,"column":19},"end":{"line":56,"column":26}},"loc":{"start":{"line":56,"column":55},"end":{"line":70,"column":null}}},"1":{"name":"(anonymous_15)","decl":{"start":{"line":56,"column":55},"end":{"line":56,"column":null}},"loc":{"start":{"line":56,"column":55},"end":{"line":70,"column":5}}},"2":{"name":"(anonymous_16)","decl":{"start":{"line":74,"column":1},"end":{"line":74,"column":4}},"loc":{"start":{"line":74,"column":6},"end":{"line":79,"column":1}}},"3":{"name":"(anonymous_17)","decl":{"start":{"line":76,"column":19},"end":{"line":76,"column":22}},"loc":{"start":{"line":76,"column":24},"end":{"line":78,"column":3}}}},"branchMap":{"0":{"loc":{"start":{"line":59,"column":6},"end":{"line":61,"column":null}},"type":"if","locations":[{"start":{"line":59,"column":6},"end":{"line":61,"column":null}}]},"1":{"loc":{"start":{"line":75,"column":15},"end":{"line":75,"column":39}},"type":"binary-expr","locations":[{"start":{"line":75,"column":15},"end":{"line":75,"column":31}},{"start":{"line":75,"column":35},"end":{"line":75,"column":39}}]}},"s":{"0":1,"1":1,"2":1,"3":1,"4":1,"5":1,"6":1,"7":1,"8":1,"9":1,"10":1,"11":1,"12":1,"13":1,"14":1,"15":1,"16":0,"17":0,"18":0,"19":0,"20":0,"21":0,"22":0,"23":0,"24":0,"25":1,"26":1,"27":1,"28":1},"f":{"0":0,"1":0,"2":1,"3":1},"b":{"0":[0],"1":[1,0]}}
,"/Users/fabiansimon/Developer/selectcode-case-study/server/trpc.ts": {"path":"/Users/fabiansimon/Developer/selectcode-case-study/server/trpc.ts","statementMap":{"0":{"start":{"line":1,"column":0},"end":{"line":1,"column":40}},"1":{"start":{"line":3,"column":0},"end":{"line":3,"column":46}},"2":{"start":{"line":13,"column":10},"end":{"line":13,"column":27}},"3":{"start":{"line":15,"column":15},"end":{"line":23,"column":2}},"4":{"start":{"line":16,"column":17},"end":{"line":16,"column":30}},"5":{"start":{"line":17,"column":2},"end":{"line":22,"column":5}},"6":{"start":{"line":26,"column":13},"end":{"line":26,"column":31}},"7":{"start":{"line":27,"column":13},"end":{"line":27,"column":43}},"8":{"start":{"line":28,"column":13},"end":{"line":28,"column":58}}},"fnMap":{"0":{"name":"(anonymous_0)","decl":{"start":{"line":15,"column":28},"end":{"line":15,"column":29}},"loc":{"start":{"line":15,"column":46},"end":{"line":23,"column":1}}}},"branchMap":{},"s":{"0":1,"1":1,"2":1,"3":1,"4":0,"5":0,"6":1,"7":1,"8":1},"f":{"0":0},"b":{}}
,"/Users/fabiansimon/Developer/selectcode-case-study/server/constants/regex.ts": {"path":"/Users/fabiansimon/Developer/selectcode-case-study/server/constants/regex.ts","statementMap":{"0":{"start":{"line":1,"column":0},"end":{"line":1,"column":13}},"1":{"start":{"line":2,"column":9},"end":{"line":3,"column":69}}},"fnMap":{},"branchMap":{},"s":{"0":1,"1":1},"f":{},"b":{}}
,"/Users/fabiansimon/Developer/selectcode-case-study/server/controllers/commentController.ts": {"path":"/Users/fabiansimon/Developer/selectcode-case-study/server/controllers/commentController.ts","statementMap":{"0":{"start":{"line":1,"column":0},"end":{"line":1,"column":24}},"1":{"start":{"line":2,"column":0},"end":{"line":2,"column":45}},"2":{"start":{"line":3,"column":0},"end":{"line":3,"column":28}},"3":{"start":{"line":6,"column":13},"end":{"line":51,"column":5}},"4":{"start":{"line":14,"column":37},"end":{"line":51,"column":4}},"5":{"start":{"line":15,"column":40},"end":{"line":15,"column":45}},"6":{"start":{"line":17,"column":4},"end":{"line":50,"column":null}},"7":{"start":{"line":18,"column":25},"end":{"line":18,"column":28}},"8":{"start":{"line":21,"column":22},"end":{"line":24,"column":8}},"9":{"start":{"line":26,"column":6},"end":{"line":27,"column":75}},"10":{"start":{"line":27,"column":8},"end":{"line":27,"column":75}},"11":{"start":{"line":29,"column":31},"end":{"line":29,"column":38}},"12":{"start":{"line":31,"column":6},"end":{"line":32,"column":64}},"13":{"start":{"line":31,"column":29},"end":{"line":31,"column":44}},"14":{"start":{"line":32,"column":8},"end":{"line":32,"column":64}},"15":{"start":{"line":34,"column":6},"end":{"line":35,"column":69}},"16":{"start":{"line":34,"column":29},"end":{"line":34,"column":44}},"17":{"start":{"line":35,"column":8},"end":{"line":35,"column":69}},"18":{"start":{"line":38,"column":22},"end":{"line":44,"column":8}},"19":{"start":{"line":46,"column":6},"end":{"line":46,"column":21}},"20":{"start":{"line":48,"column":6},"end":{"line":48,"column":54}},"21":{"start":{"line":49,"column":6},"end":{"line":49,"column":18}},"22":{"start":{"line":54,"column":13},"end":{"line":99,"column":5}},"23":{"start":{"line":61,"column":37},"end":{"line":99,"column":4}},"24":{"start":{"line":62,"column":37},"end":{"line":62,"column":42}},"25":{"start":{"line":64,"column":4},"end":{"line":98,"column":null}},"26":{"start":{"line":65,"column":25},"end":{"line":65,"column":28}},"27":{"start":{"line":68,"column":22},"end":{"line":70,"column":8}},"28":{"start":{"line":73,"column":6},"end":{"line":74,"column":75}},"29":{"start":{"line":74,"column":8},"end":{"line":74,"column":75}},"30":{"start":{"line":77,"column":22},"end":{"line":79,"column":8}},"31":{"start":{"line":82,"column":6},"end":{"line":83,"column":75}},"32":{"start":{"line":83,"column":8},"end":{"line":83,"column":75}},"33":{"start":{"line":86,"column":6},"end":{"line":87,"column":66}},"34":{"start":{"line":87,"column":8},"end":{"line":87,"column":66}},"35":{"start":{"line":90,"column":6},"end":{"line":92,"column":9}},"36":{"start":{"line":94,"column":6},"end":{"line":94,"column":21}},"37":{"start":{"line":96,"column":6},"end":{"line":96,"column":54}},"38":{"start":{"line":97,"column":6},"end":{"line":97,"column":18}},"39":{"start":{"line":102,"column":13},"end":{"line":125,"column":5}},"40":{"start":{"line":108,"column":29},"end":{"line":125,"column":4}},"41":{"start":{"line":109,"column":23},"end":{"line":109,"column":28}},"42":{"start":{"line":111,"column":4},"end":{"line":124,"column":null}},"43":{"start":{"line":113,"column":23},"end":{"line":118,"column":8}},"44":{"start":{"line":120,"column":6},"end":{"line":120,"column":22}},"45":{"start":{"line":122,"column":6},"end":{"line":122,"column":55}},"46":{"start":{"line":123,"column":6},"end":{"line":123,"column":18}}},"fnMap":{"0":{"name":"(anonymous_7)","decl":{"start":{"line":14,"column":12},"end":{"line":14,"column":19}},"loc":{"start":{"line":14,"column":37},"end":{"line":51,"column":4}}},"1":{"name":"(anonymous_8)","decl":{"start":{"line":14,"column":37},"end":{"line":14,"column":null}},"loc":{"start":{"line":14,"column":37},"end":{"line":51,"column":3}}},"2":{"name":"(anonymous_9)","decl":{"start":{"line":31,"column":22},"end":{"line":31,"column":23}},"loc":{"start":{"line":31,"column":29},"end":{"line":31,"column":44}}},"3":{"name":"(anonymous_10)","decl":{"start":{"line":34,"column":22},"end":{"line":34,"column":23}},"loc":{"start":{"line":34,"column":29},"end":{"line":34,"column":44}}},"4":{"name":"(anonymous_11)","decl":{"start":{"line":61,"column":12},"end":{"line":61,"column":19}},"loc":{"start":{"line":61,"column":37},"end":{"line":99,"column":4}}},"5":{"name":"(anonymous_12)","decl":{"start":{"line":61,"column":37},"end":{"line":61,"column":null}},"loc":{"start":{"line":61,"column":37},"end":{"line":99,"column":3}}},"6":{"name":"(anonymous_13)","decl":{"start":{"line":108,"column":9},"end":{"line":108,"column":16}},"loc":{"start":{"line":108,"column":29},"end":{"line":125,"column":4}}},"7":{"name":"(anonymous_14)","decl":{"start":{"line":108,"column":29},"end":{"line":108,"column":null}},"loc":{"start":{"line":108,"column":29},"end":{"line":125,"column":3}}}},"branchMap":{"0":{"loc":{"start":{"line":26,"column":6},"end":{"line":27,"column":75}},"type":"if","locations":[{"start":{"line":26,"column":6},"end":{"line":27,"column":75}}]},"1":{"loc":{"start":{"line":31,"column":6},"end":{"line":32,"column":64}},"type":"if","locations":[{"start":{"line":31,"column":6},"end":{"line":32,"column":64}}]},"2":{"loc":{"start":{"line":34,"column":6},"end":{"line":35,"column":69}},"type":"if","locations":[{"start":{"line":34,"column":6},"end":{"line":35,"column":69}}]},"3":{"loc":{"start":{"line":73,"column":6},"end":{"line":74,"column":75}},"type":"if","locations":[{"start":{"line":73,"column":6},"end":{"line":74,"column":75}}]},"4":{"loc":{"start":{"line":82,"column":6},"end":{"line":83,"column":75}},"type":"if","locations":[{"start":{"line":82,"column":6},"end":{"line":83,"column":75}}]},"5":{"loc":{"start":{"line":86,"column":6},"end":{"line":87,"column":66}},"type":"if","locations":[{"start":{"line":86,"column":6},"end":{"line":87,"column":66}}]},"6":{"loc":{"start":{"line":86,"column":10},"end":{"line":86,"column":65}},"type":"binary-expr","locations":[{"start":{"line":86,"column":10},"end":{"line":86,"column":35}},{"start":{"line":86,"column":39},"end":{"line":86,"column":65}}]}},"s":{"0":1,"1":1,"2":1,"3":1,"4":0,"5":0,"6":0,"7":0,"8":0,"9":0,"10":0,"11":0,"12":0,"13":0,"14":0,"15":0,"16":0,"17":0,"18":0,"19":0,"20":0,"21":0,"22":1,"23":0,"24":0,"25":0,"26":0,"27":0,"28":0,"29":0,"30":0,"31":0,"32":0,"33":0,"34":0,"35":0,"36":0,"37":0,"38":0,"39":1,"40":0,"41":0,"42":0,"43":0,"44":0,"45":0,"46":0},"f":{"0":0,"1":0,"2":0,"3":0,"4":0,"5":0,"6":0,"7":0},"b":{"0":[0],"1":[0],"2":[0],"3":[0],"4":[0],"5":[0],"6":[0,0]}}
,"/Users/fabiansimon/Developer/selectcode-case-study/server/controllers/openAIController.ts": {"path":"/Users/fabiansimon/Developer/selectcode-case-study/server/controllers/openAIController.ts","statementMap":{"0":{"start":{"line":2,"column":0},"end":{"line":2,"column":28}},"1":{"start":{"line":3,"column":0},"end":{"line":3,"column":24}},"2":{"start":{"line":4,"column":0},"end":{"line":4,"column":43}},"3":{"start":{"line":5,"column":0},"end":{"line":5,"column":45}},"4":{"start":{"line":6,"column":0},"end":{"line":6,"column":28}},"5":{"start":{"line":9,"column":15},"end":{"line":11,"column":2}},"6":{"start":{"line":21,"column":17},"end":{"line":21,"column":69}},"7":{"start":{"line":22,"column":14},"end":{"line":32,"column":4}},"8":{"start":{"line":34,"column":2},"end":{"line":34,"column":40}},"9":{"start":{"line":45,"column":26},"end":{"line":47,"column":8}},"10":{"start":{"line":46,"column":4},"end":{"line":46,"column":75}},"11":{"start":{"line":48,"column":2},"end":{"line":48,"column":257}},"12":{"start":{"line":52,"column":13},"end":{"line":96,"column":5}},"13":{"start":{"line":59,"column":29},"end":{"line":96,"column":4}},"14":{"start":{"line":60,"column":43},"end":{"line":60,"column":48}},"15":{"start":{"line":62,"column":4},"end":{"line":95,"column":null}},"16":{"start":{"line":64,"column":19},"end":{"line":71,"column":8}},"17":{"start":{"line":74,"column":6},"end":{"line":75,"column":74}},"18":{"start":{"line":75,"column":8},"end":{"line":75,"column":74}},"19":{"start":{"line":77,"column":24},"end":{"line":77,"column":28}},"20":{"start":{"line":80,"column":25},"end":{"line":83,"column":8}},"21":{"start":{"line":86,"column":6},"end":{"line":89,"column":10}},"22":{"start":{"line":87,"column":8},"end":{"line":89,"column":10}},"23":{"start":{"line":91,"column":6},"end":{"line":91,"column":36}},"24":{"start":{"line":93,"column":6},"end":{"line":93,"column":60}},"25":{"start":{"line":94,"column":6},"end":{"line":94,"column":18}}},"fnMap":{"0":{"name":"getOpenAISuggestion","decl":{"start":{"line":14,"column":15},"end":{"line":14,"column":34}},"loc":{"start":{"line":20,"column":1},"end":{"line":35,"column":null}}},"1":{"name":"generateSuggestionPrompt","decl":{"start":{"line":38,"column":9},"end":{"line":38,"column":33}},"loc":{"start":{"line":44,"column":1},"end":{"line":49,"column":1}}},"2":{"name":"(anonymous_11)","decl":{"start":{"line":45,"column":39},"end":{"line":45,"column":40}},"loc":{"start":{"line":45,"column":72},"end":{"line":47,"column":3}}},"3":{"name":"(anonymous_12)","decl":{"start":{"line":59,"column":9},"end":{"line":59,"column":16}},"loc":{"start":{"line":59,"column":29},"end":{"line":96,"column":4}}},"4":{"name":"(anonymous_13)","decl":{"start":{"line":59,"column":29},"end":{"line":59,"column":null}},"loc":{"start":{"line":59,"column":29},"end":{"line":96,"column":3}}}},"branchMap":{"0":{"loc":{"start":{"line":74,"column":6},"end":{"line":75,"column":74}},"type":"if","locations":[{"start":{"line":74,"column":6},"end":{"line":75,"column":74}}]},"1":{"loc":{"start":{"line":86,"column":6},"end":{"line":89,"column":10}},"type":"if","locations":[{"start":{"line":86,"column":6},"end":{"line":89,"column":10}}]},"2":{"loc":{"start":{"line":86,"column":10},"end":{"line":86,"column":53}},"type":"binary-expr","locations":[{"start":{"line":86,"column":10},"end":{"line":86,"column":21}},{"start":{"line":86,"column":25},"end":{"line":86,"column":53}}]}},"s":{"0":1,"1":1,"2":1,"3":1,"4":1,"5":1,"6":0,"7":0,"8":0,"9":0,"10":0,"11":0,"12":1,"13":0,"14":0,"15":0,"16":0,"17":0,"18":0,"19":0,"20":0,"21":0,"22":0,"23":0,"24":0,"25":0},"f":{"0":0,"1":0,"2":0,"3":0,"4":0},"b":{"0":[0],"1":[0],"2":[0,0]}}
,"/Users/fabiansimon/Developer/selectcode-case-study/server/controllers/projectController.ts": {"path":"/Users/fabiansimon/Developer/selectcode-case-study/server/controllers/projectController.ts","statementMap":{"0":{"start":{"line":1,"column":0},"end":{"line":1,"column":24}},"1":{"start":{"line":2,"column":0},"end":{"line":2,"column":45}},"2":{"start":{"line":3,"column":0},"end":{"line":3,"column":28}},"3":{"start":{"line":6,"column":13},"end":{"line":20,"column":3}},"4":{"start":{"line":6,"column":76},"end":{"line":20,"column":2}},"5":{"start":{"line":7,"column":2},"end":{"line":19,"column":null}},"6":{"start":{"line":8,"column":23},"end":{"line":8,"column":26}},"7":{"start":{"line":11,"column":21},"end":{"line":13,"column":6}},"8":{"start":{"line":15,"column":4},"end":{"line":15,"column":20}},"9":{"start":{"line":17,"column":4},"end":{"line":17,"column":58}},"10":{"start":{"line":18,"column":4},"end":{"line":18,"column":16}},"11":{"start":{"line":23,"column":13},"end":{"line":63,"column":5}},"12":{"start":{"line":29,"column":34},"end":{"line":63,"column":4}},"13":{"start":{"line":30,"column":26},"end":{"line":30,"column":31}},"14":{"start":{"line":31,"column":4},"end":{"line":62,"column":null}},"15":{"start":{"line":32,"column":25},"end":{"line":32,"column":28}},"16":{"start":{"line":35,"column":19},"end":{"line":43,"column":8}},"17":{"start":{"line":45,"column":6},"end":{"line":46,"column":74}},"18":{"start":{"line":46,"column":8},"end":{"line":46,"column":74}},"19":{"start":{"line":48,"column":43},"end":{"line":48,"column":47}},"20":{"start":{"line":48,"column":38},"end":{"line":48,"column":43}},"21":{"start":{"line":51,"column":6},"end":{"line":52,"column":60}},"22":{"start":{"line":51,"column":29},"end":{"line":51,"column":44}},"23":{"start":{"line":52,"column":8},"end":{"line":52,"column":60}},"24":{"start":{"line":54,"column":6},"end":{"line":58,"column":8}},"25":{"start":{"line":60,"column":6},"end":{"line":60,"column":54}},"26":{"start":{"line":61,"column":6},"end":{"line":61,"column":18}},"27":{"start":{"line":66,"column":13},"end":{"line":102,"column":5}},"28":{"start":{"line":73,"column":37},"end":{"line":102,"column":4}},"29":{"start":{"line":74,"column":35},"end":{"line":74,"column":40}},"30":{"start":{"line":76,"column":4},"end":{"line":101,"column":null}},"31":{"start":{"line":77,"column":25},"end":{"line":77,"column":28}},"32":{"start":{"line":80,"column":22},"end":{"line":95,"column":8}},"33":{"start":{"line":97,"column":6},"end":{"line":97,"column":21}},"34":{"start":{"line":99,"column":6},"end":{"line":99,"column":54}},"35":{"start":{"line":100,"column":6},"end":{"line":100,"column":18}},"36":{"start":{"line":105,"column":13},"end":{"line":177,"column":5}},"37":{"start":{"line":111,"column":37},"end":{"line":177,"column":4}},"38":{"start":{"line":112,"column":26},"end":{"line":112,"column":31}},"39":{"start":{"line":114,"column":4},"end":{"line":176,"column":null}},"40":{"start":{"line":115,"column":25},"end":{"line":115,"column":28}},"41":{"start":{"line":118,"column":22},"end":{"line":130,"column":8}},"42":{"start":{"line":132,"column":6},"end":{"line":132,"column":69}},"43":{"start":{"line":132,"column":20},"end":{"line":132,"column":69}},"44":{"start":{"line":134,"column":33},"end":{"line":134,"column":40}},"45":{"start":{"line":137,"column":6},"end":{"line":138,"column":60}},"46":{"start":{"line":138,"column":8},"end":{"line":138,"column":60}},"47":{"start":{"line":140,"column":22},"end":{"line":140,"column":44}},"48":{"start":{"line":140,"column":39},"end":{"line":140,"column":43}},"49":{"start":{"line":143,"column":6},"end":{"line":171,"column":9}},"50":{"start":{"line":172,"column":6},"end":{"line":172,"column":18}},"51":{"start":{"line":174,"column":6},"end":{"line":174,"column":54}},"52":{"start":{"line":175,"column":6},"end":{"line":175,"column":18}},"53":{"start":{"line":180,"column":13},"end":{"line":220,"column":5}},"54":{"start":{"line":182,"column":37},"end":{"line":220,"column":4}},"55":{"start":{"line":183,"column":4},"end":{"line":219,"column":null}},"56":{"start":{"line":184,"column":25},"end":{"line":184,"column":28}},"57":{"start":{"line":185,"column":35},"end":{"line":185,"column":40}},"58":{"start":{"line":188,"column":19},"end":{"line":188,"column":68}},"59":{"start":{"line":189,"column":6},"end":{"line":189,"column":75}},"60":{"start":{"line":189,"column":17},"end":{"line":189,"column":75}},"61":{"start":{"line":192,"column":22},"end":{"line":194,"column":8}},"62":{"start":{"line":195,"column":6},"end":{"line":196,"column":74}},"63":{"start":{"line":196,"column":8},"end":{"line":196,"column":74}},"64":{"start":{"line":199,"column":6},"end":{"line":200,"column":72}},"65":{"start":{"line":200,"column":8},"end":{"line":200,"column":72}},"66":{"start":{"line":203,"column":6},"end":{"line":213,"column":9}},"67":{"start":{"line":215,"column":6},"end":{"line":215,"column":18}},"68":{"start":{"line":217,"column":6},"end":{"line":217,"column":60}},"69":{"start":{"line":218,"column":6},"end":{"line":218,"column":18}},"70":{"start":{"line":223,"column":13},"end":{"line":271,"column":5}},"71":{"start":{"line":225,"column":37},"end":{"line":271,"column":4}},"72":{"start":{"line":226,"column":4},"end":{"line":270,"column":null}},"73":{"start":{"line":227,"column":25},"end":{"line":227,"column":28}},"74":{"start":{"line":228,"column":46},"end":{"line":228,"column":51}},"75":{"start":{"line":231,"column":19},"end":{"line":231,"column":75}},"76":{"start":{"line":232,"column":6},"end":{"line":232,"column":72}},"77":{"start":{"line":232,"column":17},"end":{"line":232,"column":72}},"78":{"start":{"line":235,"column":22},"end":{"line":237,"column":8}},"79":{"start":{"line":238,"column":6},"end":{"line":239,"column":74}},"80":{"start":{"line":239,"column":8},"end":{"line":239,"column":74}},"81":{"start":{"line":242,"column":6},"end":{"line":243,"column":77}},"82":{"start":{"line":243,"column":8},"end":{"line":243,"column":77}},"83":{"start":{"line":246,"column":6},"end":{"line":256,"column":9}},"84":{"start":{"line":259,"column":6},"end":{"line":264,"column":9}},"85":{"start":{"line":266,"column":6},"end":{"line":266,"column":18}},"86":{"start":{"line":268,"column":6},"end":{"line":268,"column":65}},"87":{"start":{"line":269,"column":6},"end":{"line":269,"column":18}}},"fnMap":{"0":{"name":"(anonymous_8)","decl":{"start":{"line":6,"column":58},"end":{"line":6,"column":65}},"loc":{"start":{"line":6,"column":76},"end":{"line":20,"column":2}}},"1":{"name":"(anonymous_9)","decl":{"start":{"line":6,"column":76},"end":{"line":6,"column":null}},"loc":{"start":{"line":6,"column":76},"end":{"line":20,"column":1}}},"2":{"name":"(anonymous_10)","decl":{"start":{"line":29,"column":9},"end":{"line":29,"column":16}},"loc":{"start":{"line":29,"column":34},"end":{"line":63,"column":4}}},"3":{"name":"(anonymous_11)","decl":{"start":{"line":29,"column":34},"end":{"line":29,"column":null}},"loc":{"start":{"line":29,"column":34},"end":{"line":63,"column":3}}},"4":{"name":"(anonymous_12)","decl":{"start":{"line":51,"column":22},"end":{"line":51,"column":23}},"loc":{"start":{"line":51,"column":29},"end":{"line":51,"column":44}}},"5":{"name":"(anonymous_13)","decl":{"start":{"line":73,"column":12},"end":{"line":73,"column":19}},"loc":{"start":{"line":73,"column":37},"end":{"line":102,"column":4}}},"6":{"name":"(anonymous_14)","decl":{"start":{"line":73,"column":37},"end":{"line":73,"column":null}},"loc":{"start":{"line":73,"column":37},"end":{"line":102,"column":3}}},"7":{"name":"(anonymous_15)","decl":{"start":{"line":111,"column":12},"end":{"line":111,"column":19}},"loc":{"start":{"line":111,"column":37},"end":{"line":177,"column":4}}},"8":{"name":"(anonymous_16)","decl":{"start":{"line":111,"column":37},"end":{"line":111,"column":null}},"loc":{"start":{"line":111,"column":37},"end":{"line":177,"column":3}}},"9":{"name":"(anonymous_17)","decl":{"start":{"line":140,"column":32},"end":{"line":140,"column":33}},"loc":{"start":{"line":140,"column":39},"end":{"line":140,"column":43}}},"10":{"name":"(anonymous_18)","decl":{"start":{"line":182,"column":12},"end":{"line":182,"column":19}},"loc":{"start":{"line":182,"column":37},"end":{"line":220,"column":4}}},"11":{"name":"(anonymous_19)","decl":{"start":{"line":182,"column":37},"end":{"line":182,"column":null}},"loc":{"start":{"line":182,"column":37},"end":{"line":220,"column":3}}},"12":{"name":"(anonymous_20)","decl":{"start":{"line":225,"column":12},"end":{"line":225,"column":19}},"loc":{"start":{"line":225,"column":37},"end":{"line":271,"column":4}}},"13":{"name":"(anonymous_21)","decl":{"start":{"line":225,"column":37},"end":{"line":225,"column":null}},"loc":{"start":{"line":225,"column":37},"end":{"line":271,"column":3}}}},"branchMap":{"0":{"loc":{"start":{"line":45,"column":6},"end":{"line":46,"column":74}},"type":"if","locations":[{"start":{"line":45,"column":6},"end":{"line":46,"column":74}}]},"1":{"loc":{"start":{"line":51,"column":6},"end":{"line":52,"column":60}},"type":"if","locations":[{"start":{"line":51,"column":6},"end":{"line":52,"column":60}}]},"2":{"loc":{"start":{"line":132,"column":6},"end":{"line":132,"column":69}},"type":"if","locations":[{"start":{"line":132,"column":6},"end":{"line":132,"column":69}}]},"3":{"loc":{"start":{"line":137,"column":6},"end":{"line":138,"column":60}},"type":"if","locations":[{"start":{"line":137,"column":6},"end":{"line":138,"column":60}}]},"4":{"loc":{"start":{"line":189,"column":6},"end":{"line":189,"column":75}},"type":"if","locations":[{"start":{"line":189,"column":6},"end":{"line":189,"column":75}}]},"5":{"loc":{"start":{"line":195,"column":6},"end":{"line":196,"column":74}},"type":"if","locations":[{"start":{"line":195,"column":6},"end":{"line":196,"column":74}}]},"6":{"loc":{"start":{"line":199,"column":6},"end":{"line":200,"column":72}},"type":"if","locations":[{"start":{"line":199,"column":6},"end":{"line":200,"column":72}}]},"7":{"loc":{"start":{"line":232,"column":6},"end":{"line":232,"column":72}},"type":"if","locations":[{"start":{"line":232,"column":6},"end":{"line":232,"column":72}}]},"8":{"loc":{"start":{"line":238,"column":6},"end":{"line":239,"column":74}},"type":"if","locations":[{"start":{"line":238,"column":6},"end":{"line":239,"column":74}}]},"9":{"loc":{"start":{"line":242,"column":6},"end":{"line":243,"column":77}},"type":"if","locations":[{"start":{"line":242,"column":6},"end":{"line":243,"column":77}}]}},"s":{"0":1,"1":1,"2":1,"3":1,"4":0,"5":0,"6":0,"7":0,"8":0,"9":0,"10":0,"11":1,"12":0,"13":0,"14":0,"15":0,"16":0,"17":0,"18":0,"19":0,"20":0,"21":0,"22":0,"23":0,"24":0,"25":0,"26":0,"27":1,"28":0,"29":0,"30":0,"31":0,"32":0,"33":0,"34":0,"35":0,"36":1,"37":0,"38":0,"39":0,"40":0,"41":0,"42":0,"43":0,"44":0,"45":0,"46":0,"47":0,"48":0,"49":0,"50":0,"51":0,"52":0,"53":1,"54":0,"55":0,"56":0,"57":0,"58":0,"59":0,"60":0,"61":0,"62":0,"63":0,"64":0,"65":0,"66":0,"67":0,"68":0,"69":0,"70":1,"71":0,"72":0,"73":0,"74":0,"75":0,"76":0,"77":0,"78":0,"79":0,"80":0,"81":0,"82":0,"83":0,"84":0,"85":0,"86":0,"87":0},"f":{"0":0,"1":0,"2":0,"3":0,"4":0,"5":0,"6":0,"7":0,"8":0,"9":0,"10":0,"11":0,"12":0,"13":0},"b":{"0":[0],"1":[0],"2":[0],"3":[0],"4":[0],"5":[0],"6":[0],"7":[0],"8":[0],"9":[0]}}
,"/Users/fabiansimon/Developer/selectcode-case-study/server/controllers/taskController.ts": {"path":"/Users/fabiansimon/Developer/selectcode-case-study/server/controllers/taskController.ts","statementMap":{"0":{"start":{"line":1,"column":0},"end":{"line":1,"column":24}},"1":{"start":{"line":2,"column":0},"end":{"line":2,"column":45}},"2":{"start":{"line":3,"column":0},"end":{"line":3,"column":28}},"3":{"start":{"line":4,"column":0},"end":{"line":4,"column":50}},"4":{"start":{"line":7,"column":13},"end":{"line":36,"column":5}},"5":{"start":{"line":17,"column":32},"end":{"line":36,"column":4}},"6":{"start":{"line":18,"column":66},"end":{"line":18,"column":71}},"7":{"start":{"line":19,"column":4},"end":{"line":35,"column":null}},"8":{"start":{"line":21,"column":19},"end":{"line":29,"column":8}},"9":{"start":{"line":31,"column":6},"end":{"line":31,"column":18}},"10":{"start":{"line":33,"column":6},"end":{"line":33,"column":51}},"11":{"start":{"line":34,"column":6},"end":{"line":34,"column":18}},"12":{"start":{"line":39,"column":13},"end":{"line":78,"column":5}},"13":{"start":{"line":45,"column":37},"end":{"line":78,"column":4}},"14":{"start":{"line":46,"column":4},"end":{"line":77,"column":null}},"15":{"start":{"line":47,"column":25},"end":{"line":47,"column":28}},"16":{"start":{"line":48,"column":25},"end":{"line":48,"column":30}},"17":{"start":{"line":51,"column":19},"end":{"line":58,"column":8}},"18":{"start":{"line":61,"column":6},"end":{"line":61,"column":78}},"19":{"start":{"line":61,"column":17},"end":{"line":61,"column":78}},"20":{"start":{"line":63,"column":6},"end":{"line":64,"column":71}},"21":{"start":{"line":64,"column":8},"end":{"line":64,"column":71}},"22":{"start":{"line":67,"column":6},"end":{"line":71,"column":9}},"23":{"start":{"line":73,"column":6},"end":{"line":73,"column":18}},"24":{"start":{"line":75,"column":6},"end":{"line":75,"column":51}},"25":{"start":{"line":76,"column":6},"end":{"line":76,"column":18}},"26":{"start":{"line":81,"column":13},"end":{"line":149,"column":5}},"27":{"start":{"line":94,"column":37},"end":{"line":149,"column":4}},"28":{"start":{"line":95,"column":4},"end":{"line":148,"column":null}},"29":{"start":{"line":96,"column":25},"end":{"line":96,"column":28}},"30":{"start":{"line":97,"column":44},"end":{"line":97,"column":49}},"31":{"start":{"line":97,"column":39},"end":{"line":97,"column":44}},"32":{"start":{"line":100,"column":22},"end":{"line":102,"column":8}},"33":{"start":{"line":105,"column":6},"end":{"line":106,"column":75}},"34":{"start":{"line":106,"column":8},"end":{"line":106,"column":75}},"35":{"start":{"line":109,"column":22},"end":{"line":111,"column":8}},"36":{"start":{"line":114,"column":6},"end":{"line":115,"column":69}},"37":{"start":{"line":115,"column":8},"end":{"line":115,"column":69}},"38":{"start":{"line":118,"column":6},"end":{"line":119,"column":71}},"39":{"start":{"line":119,"column":8},"end":{"line":119,"column":71}},"40":{"start":{"line":122,"column":19},"end":{"line":125,"column":8}},"41":{"start":{"line":128,"column":6},"end":{"line":142,"column":null}},"42":{"start":{"line":129,"column":21},"end":{"line":133,"column":10}},"43":{"start":{"line":136,"column":8},"end":{"line":136,"column":75}},"44":{"start":{"line":136,"column":19},"end":{"line":136,"column":75}},"45":{"start":{"line":138,"column":26},"end":{"line":138,"column":30}},"46":{"start":{"line":141,"column":8},"end":{"line":141,"column":65}},"47":{"start":{"line":144,"column":6},"end":{"line":144,"column":18}},"48":{"start":{"line":146,"column":6},"end":{"line":146,"column":51}},"49":{"start":{"line":147,"column":6},"end":{"line":147,"column":18}}},"fnMap":{"0":{"name":"(anonymous_8)","decl":{"start":{"line":17,"column":12},"end":{"line":17,"column":19}},"loc":{"start":{"line":17,"column":32},"end":{"line":36,"column":4}}},"1":{"name":"(anonymous_9)","decl":{"start":{"line":17,"column":32},"end":{"line":17,"column":null}},"loc":{"start":{"line":17,"column":32},"end":{"line":36,"column":3}}},"2":{"name":"(anonymous_10)","decl":{"start":{"line":45,"column":12},"end":{"line":45,"column":19}},"loc":{"start":{"line":45,"column":37},"end":{"line":78,"column":4}}},"3":{"name":"(anonymous_11)","decl":{"start":{"line":45,"column":37},"end":{"line":45,"column":null}},"loc":{"start":{"line":45,"column":37},"end":{"line":78,"column":3}}},"4":{"name":"(anonymous_12)","decl":{"start":{"line":94,"column":12},"end":{"line":94,"column":19}},"loc":{"start":{"line":94,"column":37},"end":{"line":149,"column":4}}},"5":{"name":"(anonymous_13)","decl":{"start":{"line":94,"column":37},"end":{"line":94,"column":null}},"loc":{"start":{"line":94,"column":37},"end":{"line":149,"column":3}}}},"branchMap":{"0":{"loc":{"start":{"line":61,"column":6},"end":{"line":61,"column":78}},"type":"if","locations":[{"start":{"line":61,"column":6},"end":{"line":61,"column":78}}]},"1":{"loc":{"start":{"line":63,"column":6},"end":{"line":64,"column":71}},"type":"if","locations":[{"start":{"line":63,"column":6},"end":{"line":64,"column":71}}]},"2":{"loc":{"start":{"line":105,"column":6},"end":{"line":106,"column":75}},"type":"if","locations":[{"start":{"line":105,"column":6},"end":{"line":106,"column":75}}]},"3":{"loc":{"start":{"line":114,"column":6},"end":{"line":115,"column":69}},"type":"if","locations":[{"start":{"line":114,"column":6},"end":{"line":115,"column":69}}]},"4":{"loc":{"start":{"line":118,"column":6},"end":{"line":119,"column":71}},"type":"if","locations":[{"start":{"line":118,"column":6},"end":{"line":119,"column":71}}]},"5":{"loc":{"start":{"line":118,"column":10},"end":{"line":118,"column":69}},"type":"binary-expr","locations":[{"start":{"line":118,"column":10},"end":{"line":118,"column":36}},{"start":{"line":118,"column":40},"end":{"line":118,"column":69}}]},"6":{"loc":{"start":{"line":128,"column":6},"end":{"line":142,"column":null}},"type":"if","locations":[{"start":{"line":128,"column":6},"end":{"line":142,"column":null}}]},"7":{"loc":{"start":{"line":136,"column":8},"end":{"line":136,"column":75}},"type":"if","locations":[{"start":{"line":136,"column":8},"end":{"line":136,"column":75}}]}},"s":{"0":1,"1":1,"2":1,"3":1,"4":1,"5":0,"6":0,"7":0,"8":0,"9":0,"10":0,"11":0,"12":1,"13":0,"14":0,"15":0,"16":0,"17":0,"18":0,"19":0,"20":0,"21":0,"22":0,"23":0,"24":0,"25":0,"26":1,"27":0,"28":0,"29":0,"30":0,"31":0,"32":0,"33":0,"34":0,"35":0,"36":0,"37":0,"38":0,"39":0,"40":0,"41":0,"42":0,"43":0,"44":0,"45":0,"46":0,"47":0,"48":0,"49":0},"f":{"0":0,"1":0,"2":0,"3":0,"4":0,"5":0},"b":{"0":[0],"1":[0],"2":[0],"3":[0],"4":[0],"5":[0,0],"6":[0],"7":[0]}}
,"/Users/fabiansimon/Developer/selectcode-case-study/server/controllers/userController.ts": {"path":"/Users/fabiansimon/Developer/selectcode-case-study/server/controllers/userController.ts","statementMap":{"0":{"start":{"line":1,"column":0},"end":{"line":1,"column":24}},"1":{"start":{"line":2,"column":0},"end":{"line":2,"column":42}},"2":{"start":{"line":3,"column":0},"end":{"line":3,"column":28}},"3":{"start":{"line":4,"column":0},"end":{"line":4,"column":41}},"4":{"start":{"line":7,"column":13},"end":{"line":47,"column":5}},"5":{"start":{"line":16,"column":32},"end":{"line":47,"column":4}},"6":{"start":{"line":17,"column":45},"end":{"line":17,"column":50}},"7":{"start":{"line":19,"column":4},"end":{"line":46,"column":null}},"8":{"start":{"line":21,"column":23},"end":{"line":23,"column":8}},"9":{"start":{"line":24,"column":6},"end":{"line":27,"column":10}},"10":{"start":{"line":25,"column":8},"end":{"line":27,"column":10}},"11":{"start":{"line":30,"column":19},"end":{"line":37,"column":8}},"12":{"start":{"line":40,"column":20},"end":{"line":40,"column":50}},"13":{"start":{"line":42,"column":6},"end":{"line":42,"column":29}},"14":{"start":{"line":44,"column":6},"end":{"line":44,"column":54}},"15":{"start":{"line":45,"column":6},"end":{"line":45,"column":18}},"16":{"start":{"line":50,"column":13},"end":{"line":74,"column":5}},"17":{"start":{"line":56,"column":32},"end":{"line":74,"column":4}},"18":{"start":{"line":57,"column":22},"end":{"line":57,"column":27}},"19":{"start":{"line":58,"column":4},"end":{"line":73,"column":null}},"20":{"start":{"line":60,"column":19},"end":{"line":62,"column":8}},"21":{"start":{"line":64,"column":6},"end":{"line":64,"column":66}},"22":{"start":{"line":64,"column":17},"end":{"line":64,"column":66}},"23":{"start":{"line":67,"column":20},"end":{"line":67,"column":50}},"24":{"start":{"line":69,"column":6},"end":{"line":69,"column":29}},"25":{"start":{"line":71,"column":6},"end":{"line":71,"column":51}},"26":{"start":{"line":72,"column":6},"end":{"line":72,"column":18}}},"fnMap":{"0":{"name":"(anonymous_7)","decl":{"start":{"line":16,"column":12},"end":{"line":16,"column":19}},"loc":{"start":{"line":16,"column":32},"end":{"line":47,"column":4}}},"1":{"name":"(anonymous_8)","decl":{"start":{"line":16,"column":32},"end":{"line":16,"column":null}},"loc":{"start":{"line":16,"column":32},"end":{"line":47,"column":3}}},"2":{"name":"(anonymous_9)","decl":{"start":{"line":56,"column":12},"end":{"line":56,"column":19}},"loc":{"start":{"line":56,"column":32},"end":{"line":74,"column":4}}},"3":{"name":"(anonymous_10)","decl":{"start":{"line":56,"column":32},"end":{"line":56,"column":null}},"loc":{"start":{"line":56,"column":32},"end":{"line":74,"column":3}}}},"branchMap":{"0":{"loc":{"start":{"line":24,"column":6},"end":{"line":27,"column":10}},"type":"if","locations":[{"start":{"line":24,"column":6},"end":{"line":27,"column":10}}]},"1":{"loc":{"start":{"line":64,"column":6},"end":{"line":64,"column":66}},"type":"if","locations":[{"start":{"line":64,"column":6},"end":{"line":64,"column":66}}]}},"s":{"0":1,"1":1,"2":1,"3":1,"4":1,"5":0,"6":0,"7":0,"8":0,"9":0,"10":0,"11":0,"12":0,"13":0,"14":0,"15":0,"16":1,"17":0,"18":0,"19":0,"20":0,"21":0,"22":0,"23":0,"24":0,"25":0,"26":0},"f":{"0":0,"1":0,"2":0,"3":0},"b":{"0":[0],"1":[0]}}
,"/Users/fabiansimon/Developer/selectcode-case-study/server/utils/authHelper.ts": {"path":"/Users/fabiansimon/Developer/selectcode-case-study/server/utils/authHelper.ts","statementMap":{"0":{"start":{"line":11,"column":2},"end":{"line":13,"column":null}},"1":{"start":{"line":12,"column":4},"end":{"line":12,"column":36}},"2":{"start":{"line":15,"column":18},"end":{"line":15,"column":32}},"3":{"start":{"line":17,"column":2},"end":{"line":19,"column":null}},"4":{"start":{"line":18,"column":4},"end":{"line":18,"column":36}},"5":{"start":{"line":21,"column":2},"end":{"line":21,"column":24}},"6":{"start":{"line":10,"column":0},"end":{"line":10,"column":16}}},"fnMap":{"0":{"name":"authUser","decl":{"start":{"line":10,"column":16},"end":{"line":10,"column":24}},"loc":{"start":{"line":10,"column":37},"end":{"line":22,"column":1}}}},"branchMap":{"0":{"loc":{"start":{"line":11,"column":2},"end":{"line":13,"column":null}},"type":"if","locations":[{"start":{"line":11,"column":2},"end":{"line":13,"column":null}}]},"1":{"loc":{"start":{"line":17,"column":2},"end":{"line":19,"column":null}},"type":"if","locations":[{"start":{"line":17,"column":2},"end":{"line":19,"column":null}}]},"2":{"loc":{"start":{"line":17,"column":6},"end":{"line":17,"column":33}},"type":"binary-expr","locations":[{"start":{"line":17,"column":6},"end":{"line":17,"column":14}},{"start":{"line":17,"column":18},"end":{"line":17,"column":33}}]}},"s":{"0":0,"1":0,"2":0,"3":0,"4":0,"5":0,"6":1},"f":{"0":0},"b":{"0":[0],"1":[0],"2":[0,0]}}
,"/Users/fabiansimon/Developer/selectcode-case-study/server/utils/email.ts": {"path":"/Users/fabiansimon/Developer/selectcode-case-study/server/utils/email.ts","statementMap":{"0":{"start":{"line":1,"column":0},"end":{"line":1,"column":36}},"1":{"start":{"line":21,"column":21},"end":{"line":21,"column":44}},"2":{"start":{"line":22,"column":2},"end":{"line":35,"column":null}},"3":{"start":{"line":24,"column":20},"end":{"line":27,"column":6}},"4":{"start":{"line":29,"column":4},"end":{"line":29,"column":40}},"5":{"start":{"line":31,"column":4},"end":{"line":31,"column":57}},"6":{"start":{"line":32,"column":4},"end":{"line":34,"column":6}},"7":{"start":{"line":12,"column":0},"end":{"line":12,"column":22}},"8":{"start":{"line":53,"column":22},"end":{"line":59,"column":4}},"9":{"start":{"line":62,"column":18},"end":{"line":67,"column":4}},"10":{"start":{"line":69,"column":2},"end":{"line":76,"column":null}},"11":{"start":{"line":70,"column":4},"end":{"line":70,"column":40}},"12":{"start":{"line":72,"column":4},"end":{"line":72,"column":49}},"13":{"start":{"line":73,"column":4},"end":{"line":75,"column":6}}},"fnMap":{"0":{"name":"sendTaskReminder","decl":{"start":{"line":12,"column":22},"end":{"line":12,"column":38}},"loc":{"start":{"line":20,"column":1},"end":{"line":36,"column":null}}},"1":{"name":"sendEmail","decl":{"start":{"line":46,"column":15},"end":{"line":46,"column":24}},"loc":{"start":{"line":52,"column":1},"end":{"line":77,"column":null}}}},"branchMap":{},"s":{"0":1,"1":0,"2":0,"3":0,"4":0,"5":0,"6":0,"7":1,"8":0,"9":0,"10":0,"11":0,"12":0,"13":0},"f":{"0":0,"1":0},"b":{}}
,"/Users/fabiansimon/Developer/selectcode-case-study/server/utils/jwt.ts": {"path":"/Users/fabiansimon/Developer/selectcode-case-study/server/utils/jwt.ts","statementMap":{"0":{"start":{"line":1,"column":0},"end":{"line":1,"column":31}},"1":{"start":{"line":3,"column":19},"end":{"line":3,"column":42}},"2":{"start":{"line":7,"column":2},"end":{"line":7,"column":61}},"3":{"start":{"line":6,"column":0},"end":{"line":6,"column":16}},"4":{"start":{"line":12,"column":2},"end":{"line":12,"column":39}},"5":{"start":{"line":11,"column":0},"end":{"line":11,"column":16}}},"fnMap":{"0":{"name":"signToken","decl":{"start":{"line":6,"column":16},"end":{"line":6,"column":25}},"loc":{"start":{"line":6,"column":41},"end":{"line":8,"column":1}}},"1":{"name":"verifyToken","decl":{"start":{"line":11,"column":16},"end":{"line":11,"column":27}},"loc":{"start":{"line":11,"column":41},"end":{"line":13,"column":1}}}},"branchMap":{},"s":{"0":1,"1":1,"2":0,"3":1,"4":0,"5":1},"f":{"0":0,"1":0},"b":{}}
}
