TN:
SF:index.ts
FN:56,(anonymous_14)
FN:56,(anonymous_15)
FN:74,(anonymous_16)
FN:76,(anonymous_17)
FNF:4
FNH:2
FNDA:0,(anonymous_14)
FNDA:0,(anonymous_15)
FNDA:1,(anonymous_16)
FNDA:1,(anonymous_17)
DA:1,1
DA:2,1
DA:3,1
DA:4,1
DA:5,1
DA:6,1
DA:7,1
DA:15,1
DA:20,1
DA:25,1
DA:26,1
DA:28,1
DA:30,1
DA:48,1
DA:50,1
DA:52,1
DA:56,0
DA:57,0
DA:59,0
DA:60,0
DA:63,0
DA:64,0
DA:65,0
DA:67,0
DA:68,0
DA:74,1
DA:75,1
DA:76,1
DA:77,1
LF:29
LH:20
BRDA:59,0,0,0
BRDA:75,1,0,1
BRDA:75,1,1,0
BRF:3
BRH:1
end_of_record
TN:
SF:trpc.ts
FN:15,(anonymous_0)
FNF:1
FNH:0
FNDA:0,(anonymous_0)
DA:1,1
DA:3,1
DA:13,1
DA:15,1
DA:16,0
DA:17,0
DA:26,1
DA:27,1
DA:28,1
LF:9
LH:7
BRF:0
BRH:0
end_of_record
TN:
SF:constants/regex.ts
FNF:0
FNH:0
DA:1,1
DA:2,1
LF:2
LH:2
BRF:0
BRH:0
end_of_record
TN:
SF:controllers/commentController.ts
FN:14,(anonymous_7)
FN:14,(anonymous_8)
FN:31,(anonymous_9)
FN:34,(anonymous_10)
FN:61,(anonymous_11)
FN:61,(anonymous_12)
FN:108,(anonymous_13)
FN:108,(anonymous_14)
FNF:8
FNH:0
FNDA:0,(anonymous_7)
FNDA:0,(anonymous_8)
FNDA:0,(anonymous_9)
FNDA:0,(anonymous_10)
FNDA:0,(anonymous_11)
FNDA:0,(anonymous_12)
FNDA:0,(anonymous_13)
FNDA:0,(anonymous_14)
DA:1,1
DA:2,1
DA:3,1
DA:6,1
DA:14,0
DA:15,0
DA:17,0
DA:18,0
DA:21,0
DA:26,0
DA:27,0
DA:29,0
DA:31,0
DA:32,0
DA:34,0
DA:35,0
DA:38,0
DA:46,0
DA:48,0
DA:49,0
DA:54,1
DA:61,0
DA:62,0
DA:64,0
DA:65,0
DA:68,0
DA:73,0
DA:74,0
DA:77,0
DA:82,0
DA:83,0
DA:86,0
DA:87,0
DA:90,0
DA:94,0
DA:96,0
DA:97,0
DA:102,1
DA:108,0
DA:109,0
DA:111,0
DA:113,0
DA:120,0
DA:122,0
DA:123,0
LF:45
LH:6
BRDA:26,0,0,0
BRDA:31,1,0,0
BRDA:34,2,0,0
BRDA:73,3,0,0
BRDA:82,4,0,0
BRDA:86,5,0,0
BRDA:86,6,0,0
BRDA:86,6,1,0
BRF:8
BRH:0
end_of_record
TN:
SF:controllers/openAIController.ts
FN:14,getOpenAISuggestion
FN:38,generateSuggestionPrompt
FN:45,(anonymous_11)
FN:59,(anonymous_12)
FN:59,(anonymous_13)
FNF:5
FNH:0
FNDA:0,getOpenAISuggestion
FNDA:0,generateSuggestionPrompt
FNDA:0,(anonymous_11)
FNDA:0,(anonymous_12)
FNDA:0,(anonymous_13)
DA:2,1
DA:3,1
DA:4,1
DA:5,1
DA:6,1
DA:9,1
DA:21,0
DA:22,0
DA:34,0
DA:45,0
DA:46,0
DA:48,0
DA:52,1
DA:59,0
DA:60,0
DA:62,0
DA:64,0
DA:74,0
DA:75,0
DA:77,0
DA:80,0
DA:86,0
DA:87,0
DA:91,0
DA:93,0
DA:94,0
LF:26
LH:7
BRDA:74,0,0,0
BRDA:86,1,0,0
BRDA:86,2,0,0
BRDA:86,2,1,0
BRF:4
BRH:0
end_of_record
TN:
SF:controllers/projectController.ts
FN:6,(anonymous_8)
FN:6,(anonymous_9)
FN:29,(anonymous_10)
FN:29,(anonymous_11)
FN:51,(anonymous_12)
FN:73,(anonymous_13)
FN:73,(anonymous_14)
FN:111,(anonymous_15)
FN:111,(anonymous_16)
FN:140,(anonymous_17)
FN:182,(anonymous_18)
FN:182,(anonymous_19)
FN:225,(anonymous_20)
FN:225,(anonymous_21)
FNF:14
FNH:0
FNDA:0,(anonymous_8)
FNDA:0,(anonymous_9)
FNDA:0,(anonymous_10)
FNDA:0,(anonymous_11)
FNDA:0,(anonymous_12)
FNDA:0,(anonymous_13)
FNDA:0,(anonymous_14)
FNDA:0,(anonymous_15)
FNDA:0,(anonymous_16)
FNDA:0,(anonymous_17)
FNDA:0,(anonymous_18)
FNDA:0,(anonymous_19)
FNDA:0,(anonymous_20)
FNDA:0,(anonymous_21)
DA:1,1
DA:2,1
DA:3,1
DA:6,1
DA:7,0
DA:8,0
DA:11,0
DA:15,0
DA:17,0
DA:18,0
DA:23,1
DA:29,0
DA:30,0
DA:31,0
DA:32,0
DA:35,0
DA:45,0
DA:46,0
DA:48,0
DA:51,0
DA:52,0
DA:54,0
DA:60,0
DA:61,0
DA:66,1
DA:73,0
DA:74,0
DA:76,0
DA:77,0
DA:80,0
DA:97,0
DA:99,0
DA:100,0
DA:105,1
DA:111,0
DA:112,0
DA:114,0
DA:115,0
DA:118,0
DA:132,0
DA:134,0
DA:137,0
DA:138,0
DA:140,0
DA:143,0
DA:172,0
DA:174,0
DA:175,0
DA:180,1
DA:182,0
DA:183,0
DA:184,0
DA:185,0
DA:188,0
DA:189,0
DA:192,0
DA:195,0
DA:196,0
DA:199,0
DA:200,0
DA:203,0
DA:215,0
DA:217,0
DA:218,0
DA:223,1
DA:225,0
DA:226,0
DA:227,0
DA:228,0
DA:231,0
DA:232,0
DA:235,0
DA:238,0
DA:239,0
DA:242,0
DA:243,0
DA:246,0
DA:259,0
DA:266,0
DA:268,0
DA:269,0
LF:81
LH:9
BRDA:45,0,0,0
BRDA:51,1,0,0
BRDA:132,2,0,0
BRDA:137,3,0,0
BRDA:189,4,0,0
BRDA:195,5,0,0
BRDA:199,6,0,0
BRDA:232,7,0,0
BRDA:238,8,0,0
BRDA:242,9,0,0
BRF:10
BRH:0
end_of_record
TN:
SF:controllers/taskController.ts
FN:17,(anonymous_8)
FN:17,(anonymous_9)
FN:45,(anonymous_10)
FN:45,(anonymous_11)
FN:94,(anonymous_12)
FN:94,(anonymous_13)
FNF:6
FNH:0
FNDA:0,(anonymous_8)
FNDA:0,(anonymous_9)
FNDA:0,(anonymous_10)
FNDA:0,(anonymous_11)
FNDA:0,(anonymous_12)
FNDA:0,(anonymous_13)
DA:1,1
DA:2,1
DA:3,1
DA:4,1
DA:7,1
DA:17,0
DA:18,0
DA:19,0
DA:21,0
DA:31,0
DA:33,0
DA:34,0
DA:39,1
DA:45,0
DA:46,0
DA:47,0
DA:48,0
DA:51,0
DA:61,0
DA:63,0
DA:64,0
DA:67,0
DA:73,0
DA:75,0
DA:76,0
DA:81,1
DA:94,0
DA:95,0
DA:96,0
DA:97,0
DA:100,0
DA:105,0
DA:106,0
DA:109,0
DA:114,0
DA:115,0
DA:118,0
DA:119,0
DA:122,0
DA:128,0
DA:129,0
DA:136,0
DA:138,0
DA:141,0
DA:144,0
DA:146,0
DA:147,0
LF:47
LH:7
BRDA:61,0,0,0
BRDA:63,1,0,0
BRDA:105,2,0,0
BRDA:114,3,0,0
BRDA:118,4,0,0
BRDA:118,5,0,0
BRDA:118,5,1,0
BRDA:128,6,0,0
BRDA:136,7,0,0
BRF:9
BRH:0
end_of_record
TN:
SF:controllers/userController.ts
FN:16,(anonymous_7)
FN:16,(anonymous_8)
FN:56,(anonymous_9)
FN:56,(anonymous_10)
FNF:4
FNH:0
FNDA:0,(anonymous_7)
FNDA:0,(anonymous_8)
FNDA:0,(anonymous_9)
FNDA:0,(anonymous_10)
DA:1,1
DA:2,1
DA:3,1
DA:4,1
DA:7,1
DA:16,0
DA:17,0
DA:19,0
DA:21,0
DA:24,0
DA:25,0
DA:30,0
DA:40,0
DA:42,0
DA:44,0
DA:45,0
DA:50,1
DA:56,0
DA:57,0
DA:58,0
DA:60,0
DA:64,0
DA:67,0
DA:69,0
DA:71,0
DA:72,0
LF:26
LH:6
BRDA:24,0,0,0
BRDA:64,1,0,0
BRF:2
BRH:0
end_of_record
TN:
SF:utils/authHelper.ts
FN:10,authUser
FNF:1
FNH:0
FNDA:0,authUser
DA:10,1
DA:11,0
DA:12,0
DA:15,0
DA:17,0
DA:18,0
DA:21,0
LF:7
LH:1
BRDA:11,0,0,0
BRDA:17,1,0,0
BRDA:17,2,0,0
BRDA:17,2,1,0
BRF:4
BRH:0
end_of_record
TN:
SF:utils/email.ts
FN:12,sendTaskReminder
FN:46,sendEmail
FNF:2
FNH:0
FNDA:0,sendTaskReminder
FNDA:0,sendEmail
DA:1,1
DA:12,1
DA:21,0
DA:22,0
DA:24,0
DA:29,0
DA:31,0
DA:32,0
DA:53,0
DA:62,0
DA:69,0
DA:70,0
DA:72,0
DA:73,0
LF:14
LH:2
BRF:0
BRH:0
end_of_record
TN:
SF:utils/jwt.ts
FN:6,signToken
FN:11,verifyToken
FNF:2
FNH:0
FNDA:0,signToken
FNDA:0,verifyToken
DA:1,1
DA:3,1
DA:6,1
DA:7,0
DA:11,1
DA:12,0
LF:6
LH:4
BRF:0
BRH:0
end_of_record
